<?xml version="1.0" encoding="UTF-8"?>
<!-- Generated by org.testng.reporters.JUnitXMLReporter -->
<testsuite ignored="0" hostname="SwarupKshatriya" failures="3" tests="4" name="Regression1" time="0.947" errors="0" timestamp="2024-07-16T17:22:52 EDT">
  <testcase classname="testRunnerFile.TestRunnerForVehicleInsurance" name="TestCase1" time="0.901">
    <failure type="java.lang.RuntimeException" message="userdefinedExceptions.TestCaseOrFlagNotFoundException: Either Test Case Name is not matching or Flag is not set as Y">
      <![CDATA[java.lang.RuntimeException: userdefinedExceptions.TestCaseOrFlagNotFoundException: Either Test Case Name is not matching or Flag is not set as Y
at testRunnerFile.TestRunnerForVehicleInsurance.TestCase1(TestRunnerForVehicleInsurance.java:40)
at java.base/java.util.concurrent.Executors$RunnableAdapter.call(Executors.java:539)
at java.base/java.util.concurrent.FutureTask.run(FutureTask.java:264)
at java.base/java.util.concurrent.ThreadPoolExecutor.runWorker(ThreadPoolExecutor.java:1136)
at java.base/java.util.concurrent.ThreadPoolExecutor$Worker.run(ThreadPoolExecutor.java:635)
at java.base/java.lang.Thread.run(Thread.java:842)
Caused by: userdefinedExceptions.TestCaseOrFlagNotFoundException: Either Test Case Name is not matching or Flag is not set as Y
at testdatareader.TestDataReader.checkTestDataFile(TestDataReader.java:139)
at testdatareader.TestDataReader.readTestData(TestDataReader.java:64)
at testRunnerFile.TestRunnerForVehicleInsurance.TestCase1(TestRunnerForVehicleInsurance.java:38)
... 18 more
... Removed 13 stack frames]]>
    </failure>
  </testcase> <!-- TestCase1 -->
  <testcase classname="testRunnerFile.TestRunnerForVehicleInsurance" name="TestCase4" time="0.9">
    <failure type="java.lang.RuntimeException" message="userdefinedExceptions.TestCaseOrFlagNotFoundException: Either Test Case Name is not matching or Flag is not set as Y">
      <![CDATA[java.lang.RuntimeException: userdefinedExceptions.TestCaseOrFlagNotFoundException: Either Test Case Name is not matching or Flag is not set as Y
at testRunnerFile.TestRunnerForVehicleInsurance.TestCase4(TestRunnerForVehicleInsurance.java:186)
at java.base/java.util.concurrent.Executors$RunnableAdapter.call(Executors.java:539)
at java.base/java.util.concurrent.FutureTask.run(FutureTask.java:264)
at java.base/java.util.concurrent.ThreadPoolExecutor.runWorker(ThreadPoolExecutor.java:1136)
at java.base/java.util.concurrent.ThreadPoolExecutor$Worker.run(ThreadPoolExecutor.java:635)
at java.base/java.lang.Thread.run(Thread.java:842)
Caused by: userdefinedExceptions.TestCaseOrFlagNotFoundException: Either Test Case Name is not matching or Flag is not set as Y
at testdatareader.TestDataReader.checkTestDataFile(TestDataReader.java:139)
at testdatareader.TestDataReader.readTestData(TestDataReader.java:64)
at testRunnerFile.TestRunnerForVehicleInsurance.TestCase4(TestRunnerForVehicleInsurance.java:184)
... 18 more
... Removed 13 stack frames]]>
    </failure>
  </testcase> <!-- TestCase4 -->
  <testcase classname="testRunnerFile.TestRunnerForVehicleInsurance" name="TestCase2" time="0.9">
    <failure type="java.lang.RuntimeException" message="userdefinedExceptions.TestCaseOrFlagNotFoundException: Either Test Case Name is not matching or Flag is not set as Y">
      <![CDATA[java.lang.RuntimeException: userdefinedExceptions.TestCaseOrFlagNotFoundException: Either Test Case Name is not matching or Flag is not set as Y
at testRunnerFile.TestRunnerForVehicleInsurance.TestCase2(TestRunnerForVehicleInsurance.java:89)
at java.base/java.util.concurrent.Executors$RunnableAdapter.call(Executors.java:539)
at java.base/java.util.concurrent.FutureTask.run(FutureTask.java:264)
at java.base/java.util.concurrent.ThreadPoolExecutor.runWorker(ThreadPoolExecutor.java:1136)
at java.base/java.util.concurrent.ThreadPoolExecutor$Worker.run(ThreadPoolExecutor.java:635)
at java.base/java.lang.Thread.run(Thread.java:842)
Caused by: userdefinedExceptions.TestCaseOrFlagNotFoundException: Either Test Case Name is not matching or Flag is not set as Y
at testdatareader.TestDataReader.checkTestDataFile(TestDataReader.java:139)
at testdatareader.TestDataReader.readTestData(TestDataReader.java:64)
at testRunnerFile.TestRunnerForVehicleInsurance.TestCase2(TestRunnerForVehicleInsurance.java:87)
... 18 more
... Removed 13 stack frames]]>
    </failure>
  </testcase> <!-- TestCase2 -->
  <testcase classname="testRunnerFile.TestRunnerForVehicleInsurance" name="TestCase3" time="0.001">
    <skipped/>
  </testcase> <!-- TestCase3 -->
</testsuite> <!-- Regression1 -->
