<!DOCTYPE html PUBLIC "-//W3C//DTD XHTML 1.1//EN" "https://www.w3.org/TR/xhtml11/DTD/xhtml11.dtd">
<html xmlns="https://www.w3.org/1999/xhtml">
<head>
<meta http-equiv="content-type" content="text/html; charset=UTF-8"/>
<title>TestNG Report</title>
<style type="text/css">table {margin-bottom:10px;border-collapse:collapse;empty-cells:show}th,td {border:1px solid #009;padding:.25em .5em}th {vertical-align:bottom}td {vertical-align:top}table a {font-weight:bold}.stripe td {background-color: #E6EBF9}.num {text-align:right}.passedodd td {background-color: #3F3}.passedeven td {background-color: #0A0}.skippedodd td {background-color: #DDD}.skippedeven td {background-color: #CCC}.failedodd td,.attn {background-color: #F33}.failedeven td,.stripe .attn {background-color: #D00}.stacktrace {white-space:pre;font-family:monospace}.totop {font-size:85%;text-align:center;border-bottom:2px solid #000}.invisible {display:none}</style>
</head>
<body>
<table>
<tr><th>Test</th><th># Passed</th><th># Skipped</th><th># Retried</th><th># Failed</th><th>Time (ms)</th><th>Included Groups</th><th>Excluded Groups</th></tr>
<tr><th colspan="8">Suite1</th></tr>
<tr><td><a href="#t0">Regression1</a></td><td class="num">0</td><td class="num attn">1</td><td class="num">0</td><td class="num attn">3</td><td class="num">947</td><td></td><td></td></tr>
</table>
<table id='summary'><thead><tr><th>Class</th><th>Method</th><th>Start</th><th>Time (ms)</th></tr></thead><tbody><tr><th colspan="4">Suite1</th></tr></tbody><tbody id="t0"><tr><th colspan="4">Regression1 &#8212; failed</th></tr><tr class="failedeven"><td rowspan="3">testRunnerFile.TestRunnerForVehicleInsurance</td><td><a href="#m0">TestCase1</a></td><td rowspan="1">1721164971464</td><td rowspan="1">901</td></tr><tr class="failedeven"><td><a href="#m1">TestCase2</a></td><td rowspan="1">1721164971464</td><td rowspan="1">900</td></tr><tr class="failedeven"><td><a href="#m2">TestCase4</a></td><td rowspan="1">1721164971464</td><td rowspan="1">900</td></tr><tr><th colspan="4">Regression1 &#8212; skipped</th></tr><tr class="skippedeven"><td rowspan="1">testRunnerFile.TestRunnerForVehicleInsurance</td><td><a href="#m3">TestCase3</a></td><td rowspan="1">1721164972380</td><td rowspan="1">1</td></tr></tbody>
</table>
<h2>Regression1</h2><h3 id="m0">testRunnerFile.TestRunnerForVehicleInsurance#TestCase1</h3><table class="result"><tr class="param"><th>Parameter #1</th></tr><tr class="param stripe"><td>org.testng.TestRunner@338ff484</td></tr><tr><th>Exception</th></tr><tr><td><div class="stacktrace">java.lang.RuntimeException: userdefinedExceptions.TestCaseOrFlagNotFoundException: Either Test Case Name is not matching or Flag is not set as Y
	at testRunnerFile.TestRunnerForVehicleInsurance.TestCase1(TestRunnerForVehicleInsurance.java:40)
	at java.base/java.util.concurrent.Executors$RunnableAdapter.call(Executors.java:539)
	at java.base/java.util.concurrent.FutureTask.run(FutureTask.java:264)
	at java.base/java.util.concurrent.ThreadPoolExecutor.runWorker(ThreadPoolExecutor.java:1136)
	at java.base/java.util.concurrent.ThreadPoolExecutor$Worker.run(ThreadPoolExecutor.java:635)
	at java.base/java.lang.Thread.run(Thread.java:842)
Caused by: userdefinedExceptions.TestCaseOrFlagNotFoundException: Either Test Case Name is not matching or Flag is not set as Y
	at testdatareader.TestDataReader.checkTestDataFile(TestDataReader.java:139)
	at testdatareader.TestDataReader.readTestData(TestDataReader.java:64)
	at testRunnerFile.TestRunnerForVehicleInsurance.TestCase1(TestRunnerForVehicleInsurance.java:38)
	... 18 more
... Removed 13 stack frames</div></td></tr></table><p class="totop"><a href="#summary">back to summary</a></p>
<h3 id="m1">testRunnerFile.TestRunnerForVehicleInsurance#TestCase2</h3><table class="result"><tr class="param"><th>Parameter #1</th></tr><tr class="param stripe"><td>org.testng.TestRunner@338ff484</td></tr><tr><th>Exception</th></tr><tr><td><div class="stacktrace">java.lang.RuntimeException: userdefinedExceptions.TestCaseOrFlagNotFoundException: Either Test Case Name is not matching or Flag is not set as Y
	at testRunnerFile.TestRunnerForVehicleInsurance.TestCase2(TestRunnerForVehicleInsurance.java:89)
	at java.base/java.util.concurrent.Executors$RunnableAdapter.call(Executors.java:539)
	at java.base/java.util.concurrent.FutureTask.run(FutureTask.java:264)
	at java.base/java.util.concurrent.ThreadPoolExecutor.runWorker(ThreadPoolExecutor.java:1136)
	at java.base/java.util.concurrent.ThreadPoolExecutor$Worker.run(ThreadPoolExecutor.java:635)
	at java.base/java.lang.Thread.run(Thread.java:842)
Caused by: userdefinedExceptions.TestCaseOrFlagNotFoundException: Either Test Case Name is not matching or Flag is not set as Y
	at testdatareader.TestDataReader.checkTestDataFile(TestDataReader.java:139)
	at testdatareader.TestDataReader.readTestData(TestDataReader.java:64)
	at testRunnerFile.TestRunnerForVehicleInsurance.TestCase2(TestRunnerForVehicleInsurance.java:87)
	... 18 more
... Removed 13 stack frames</div></td></tr></table><p class="totop"><a href="#summary">back to summary</a></p>
<h3 id="m2">testRunnerFile.TestRunnerForVehicleInsurance#TestCase4</h3><table class="result"><tr class="param"><th>Parameter #1</th></tr><tr class="param stripe"><td>org.testng.TestRunner@338ff484</td></tr><tr><th>Exception</th></tr><tr><td><div class="stacktrace">java.lang.RuntimeException: userdefinedExceptions.TestCaseOrFlagNotFoundException: Either Test Case Name is not matching or Flag is not set as Y
	at testRunnerFile.TestRunnerForVehicleInsurance.TestCase4(TestRunnerForVehicleInsurance.java:186)
	at java.base/java.util.concurrent.Executors$RunnableAdapter.call(Executors.java:539)
	at java.base/java.util.concurrent.FutureTask.run(FutureTask.java:264)
	at java.base/java.util.concurrent.ThreadPoolExecutor.runWorker(ThreadPoolExecutor.java:1136)
	at java.base/java.util.concurrent.ThreadPoolExecutor$Worker.run(ThreadPoolExecutor.java:635)
	at java.base/java.lang.Thread.run(Thread.java:842)
Caused by: userdefinedExceptions.TestCaseOrFlagNotFoundException: Either Test Case Name is not matching or Flag is not set as Y
	at testdatareader.TestDataReader.checkTestDataFile(TestDataReader.java:139)
	at testdatareader.TestDataReader.readTestData(TestDataReader.java:64)
	at testRunnerFile.TestRunnerForVehicleInsurance.TestCase4(TestRunnerForVehicleInsurance.java:184)
	... 18 more
... Removed 13 stack frames</div></td></tr></table><p class="totop"><a href="#summary">back to summary</a></p>
<h3 id="m3">testRunnerFile.TestRunnerForVehicleInsurance#TestCase3</h3><table class="result"><tr><th>Exception</th></tr><tr><td><div class="stacktrace">java.lang.Throwable: Method testRunnerFile.TestRunnerForVehicleInsurance.TestCase3() on instance testRunnerFile.TestRunnerForVehicleInsurance@8f4ea7c depends on not successfully finished methods 
[testRunnerFile.TestRunnerForVehicleInsurance.TestCase1() on instance testRunnerFile.TestRunnerForVehicleInsurance@8f4ea7c]
	at java.base/java.util.concurrent.Executors$RunnableAdapter.call(Executors.java:539)
	at java.base/java.util.concurrent.FutureTask.run(FutureTask.java:264)
	at java.base/java.util.concurrent.ThreadPoolExecutor.runWorker(ThreadPoolExecutor.java:1136)
	at java.base/java.util.concurrent.ThreadPoolExecutor$Worker.run(ThreadPoolExecutor.java:635)
	at java.base/java.lang.Thread.run(Thread.java:842)
... Removed 4 stack frames</div></td></tr></table><p class="totop"><a href="#summary">back to summary</a></p>
</body>
</html>
